2018-04-22 06:19:36,281 INFO [geoserver.platform] - Falling back to embedded data directory: /opt/tomcat/webapps/geoserver/data
2018-04-22 06:19:36,297 INFO [geoserver.platform] - Falling back to embedded data directory: /opt/tomcat/webapps/geoserver/data
2018-04-22 06:19:36,717 INFO [org.geoserver] - GeoServer configuration lock is enabled
2018-04-22 06:19:36,846 INFO [org.geoserver] - Loaded style 'simple_streams'
2018-04-22 06:19:36,846 INFO [org.geoserver] - Loaded style 'capitals'
2018-04-22 06:19:36,847 INFO [org.geoserver] - Loaded style 'line'
2018-04-22 06:19:36,847 INFO [org.geoserver] - Loaded style 'burg'
2018-04-22 06:19:36,848 INFO [org.geoserver] - Loaded style 'population'
2018-04-22 06:19:36,848 INFO [org.geoserver] - Loaded style 'simple_roads'
2018-04-22 06:19:36,848 INFO [org.geoserver] - Loaded style 'cite_lakes'
2018-04-22 06:19:36,849 INFO [org.geoserver] - Loaded style 'tiger_roads'
2018-04-22 06:19:36,849 INFO [org.geoserver] - Loaded style 'rain'
2018-04-22 06:19:36,849 INFO [org.geoserver] - Loaded style 'polygon'
2018-04-22 06:19:36,850 INFO [org.geoserver] - Loaded style 'restricted'
2018-04-22 06:19:36,850 INFO [org.geoserver] - Loaded style 'poly_landmarks'
2018-04-22 06:19:36,851 INFO [org.geoserver] - Loaded style 'dem'
2018-04-22 06:19:36,851 INFO [org.geoserver] - Loaded style 'poi'
2018-04-22 06:19:36,852 INFO [org.geoserver] - Loaded style 'generic'
2018-04-22 06:19:36,853 INFO [org.geoserver] - Loaded style 'giant_polygon'
2018-04-22 06:19:36,853 INFO [org.geoserver] - Loaded style 'grass'
2018-04-22 06:19:36,854 INFO [org.geoserver] - Loaded style 'point'
2018-04-22 06:19:36,854 INFO [org.geoserver] - Loaded style 'raster'
2018-04-22 06:19:36,854 INFO [org.geoserver] - Loaded style 'green'
2018-04-22 06:19:36,855 INFO [org.geoserver] - Loaded style 'pophatch'
2018-04-22 06:19:36,856 INFO [org.geoserver] - Loaded default workspace cite
2018-04-22 06:19:36,864 INFO [org.geoserver] - Loaded workspace 'cite'
2018-04-22 06:19:36,867 INFO [org.geoserver] - Loaded workspace 'nurc'
2018-04-22 06:19:36,868 INFO [org.geoserver] - Loaded workspace 'it.geosolutions'
2018-04-22 06:19:36,869 INFO [org.geoserver] - Loaded workspace 'tiger'
2018-04-22 06:19:36,870 INFO [org.geoserver] - Loaded workspace 'topp'
2018-04-22 06:19:36,871 INFO [org.geoserver] - Loaded workspace 'sf'
2018-04-22 06:19:36,872 INFO [org.geoserver] - Loaded workspace 'sde'
2018-04-22 06:19:37,001 INFO [org.geoserver] - Loaded coverage store 'worldImageSample', enabled
2018-04-22 06:19:38,007 INFO [org.geoserver] - Loaded coverage 'Img_Sample', enabled
2018-04-22 06:19:38,018 INFO [org.geoserver] - Loaded layer 'Img_Sample'
2018-04-22 06:19:38,019 INFO [org.geoserver] - Loaded coverage store 'mosaic', enabled
2018-04-22 06:19:38,024 INFO [org.geoserver] - Loaded coverage 'mosaic', enabled
2018-04-22 06:19:38,025 INFO [org.geoserver] - Loaded layer 'mosaic'
2018-04-22 06:19:38,026 INFO [org.geoserver] - Loaded coverage store 'img_sample2', enabled
2018-04-22 06:19:38,271 INFO [org.geoserver] - Loaded coverage 'Pk50095', enabled
2018-04-22 06:19:38,272 INFO [org.geoserver] - Loaded layer 'Pk50095'
2018-04-22 06:19:38,275 INFO [org.geoserver] - Loaded coverage store 'arcGridSample', enabled
2018-04-22 06:19:38,282 INFO [org.geoserver] - Loaded coverage 'Arc_Sample', enabled
2018-04-22 06:19:38,285 INFO [org.geoserver] - Loaded layer 'Arc_Sample'
2018-04-22 06:19:38,363 INFO [org.geoserver] - Loaded data store 'nyc', enabled
2018-04-22 06:19:38,381 INFO [org.geoserver] - Loaded feature type 'giant_polygon', enabled
2018-04-22 06:19:38,382 INFO [org.geoserver] - Loaded layer 'giant_polygon'
2018-04-22 06:19:38,390 INFO [org.geoserver] - Loaded feature type 'poi', enabled
2018-04-22 06:19:38,395 INFO [org.geoserver] - Loaded layer 'poi'
2018-04-22 06:19:38,396 INFO [org.geoserver] - Loaded feature type 'poly_landmarks', enabled
2018-04-22 06:19:38,397 INFO [org.geoserver] - Loaded layer 'poly_landmarks'
2018-04-22 06:19:38,406 INFO [org.geoserver] - Loaded feature type 'tiger_roads', enabled
2018-04-22 06:19:38,407 INFO [org.geoserver] - Loaded layer 'tiger_roads'
2018-04-22 06:19:38,417 INFO [org.geoserver] - Loaded data store 'taz_shapes', enabled
2018-04-22 06:19:38,441 INFO [org.geoserver] - Loaded feature type 'tasmania_cities', enabled
2018-04-22 06:19:38,442 INFO [org.geoserver] - Loaded layer 'tasmania_cities'
2018-04-22 06:19:38,443 INFO [org.geoserver] - Loaded feature type 'tasmania_state_boundaries', enabled
2018-04-22 06:19:38,444 INFO [org.geoserver] - Loaded layer 'tasmania_state_boundaries'
2018-04-22 06:19:38,461 INFO [org.geoserver] - Loaded feature type 'tasmania_water_bodies', enabled
2018-04-22 06:19:38,462 INFO [org.geoserver] - Loaded layer 'tasmania_water_bodies'
2018-04-22 06:19:38,467 INFO [org.geoserver] - Loaded feature type 'tasmania_roads', enabled
2018-04-22 06:19:38,468 INFO [org.geoserver] - Loaded layer 'tasmania_roads'
2018-04-22 06:19:38,470 INFO [org.geoserver] - Loaded data store 'states_shapefile', enabled
2018-04-22 06:19:38,479 INFO [org.geoserver] - Loaded feature type 'states', enabled
2018-04-22 06:19:38,480 INFO [org.geoserver] - Loaded layer 'states'
2018-04-22 06:19:38,485 INFO [org.geoserver] - Loaded coverage store 'sfdem', enabled
2018-04-22 06:19:38,525 INFO [org.geoserver] - Loaded coverage 'sfdem', enabled
2018-04-22 06:19:38,527 INFO [org.geoserver] - Loaded layer 'sfdem'
2018-04-22 06:19:38,531 INFO [org.geoserver] - Loaded data store 'sf', enabled
2018-04-22 06:19:38,537 INFO [org.geoserver] - Loaded feature type 'bugsites', enabled
2018-04-22 06:19:38,538 INFO [org.geoserver] - Loaded layer 'bugsites'
2018-04-22 06:19:38,549 INFO [org.geoserver] - Loaded feature type 'archsites', enabled
2018-04-22 06:19:38,557 INFO [org.geoserver] - Loaded layer 'archsites'
2018-04-22 06:19:38,567 INFO [org.geoserver] - Loaded feature type 'streams', enabled
2018-04-22 06:19:38,567 INFO [org.geoserver] - Loaded layer 'streams'
2018-04-22 06:19:38,570 INFO [org.geoserver] - Loaded feature type 'roads', enabled
2018-04-22 06:19:38,570 INFO [org.geoserver] - Loaded layer 'roads'
2018-04-22 06:19:38,577 INFO [org.geoserver] - Loaded feature type 'restricted', enabled
2018-04-22 06:19:38,577 INFO [org.geoserver] - Loaded layer 'restricted'
2018-04-22 06:19:38,592 INFO [org.geoserver] - Loaded layer group 'tiger-ny'
2018-04-22 06:19:38,600 INFO [org.geoserver] - Loaded layer group 'tasmania'
2018-04-22 06:19:38,604 INFO [org.geoserver] - Loaded layer group 'spearfish'
2018-04-22 06:19:38,798 INFO [org.geoserver] - Loaded service 'WMTSInfoImpl-43f9b5a9:162ec0207ad:-8000', enabled
2018-04-22 06:19:38,815 INFO [org.geoserver] - Loaded service 'wfs', enabled
2018-04-22 06:19:38,827 INFO [org.geoserver] - Loaded service 'wms', enabled
2018-04-22 06:19:38,832 INFO [org.geoserver] - Loaded service 'wcs', enabled
2018-04-22 06:19:38,857 INFO [config.GeoserverXMLResourceProvider] - Will look for 'geowebcache.xml' in directory '/opt/tomcat/webapps/geoserver/data/gwc'.
2018-04-22 06:19:38,900 WARN [config.GeoserverXMLResourceProvider] - Found no configuration file in config directory, will create one at 'gwc/geowebcache.xml' from template jar:file:/opt/tomcat/webapps/geoserver/WEB-INF/lib/gwc-core-1.13.0.jar!/geowebcache_empty.xml
2018-04-22 06:19:38,902 INFO [config.GeoserverXMLResourceProvider] - Found configuration file in gwc
2018-04-22 06:19:38,902 INFO [config.GeoserverXMLResourceProvider] - Found configuration file in gwc
2018-04-22 06:19:38,947 WARN [config.XMLConfiguration] - ********************************************************************************
2018-04-22 06:19:38,947 WARN [config.XMLConfiguration] - *** GWC configuration validation error: cvc-elt.1: Cannot find the declaration of element 'gwcConfiguration'.
2018-04-22 06:19:38,947 WARN [config.XMLConfiguration] - *** Will try to use configuration anyway. Please check the order of declared elements against the schema.
2018-04-22 06:19:38,947 WARN [config.XMLConfiguration] - ********************************************************************************
2018-04-22 06:19:38,982 INFO [config.XMLConfiguration] - Initializing GridSets from gwc
2018-04-22 06:19:38,983 INFO [config.XMLConfiguration] - Initializing layers from gwc
2018-04-22 06:19:39,021 INFO [gwc.layer] - Initializing GWC configuration based on GeoServer's Catalog
2018-04-22 06:19:39,021 INFO [gwc.layer] - GeoServer TileLayer store base directory is: gwc-layers
2018-04-22 06:19:39,021 INFO [gwc.layer] - Loading tile layers from gwc-layers
2018-04-22 06:19:39,044 INFO [storage.BlobStoreAggregator] - BlobStoreConfiguration gwc contained no blob store infos.
2018-04-22 06:19:39,049 INFO [storage.DefaultStorageFinder] - ***************************************************************************************
2018-04-22 06:19:39,049 INFO [storage.DefaultStorageFinder] - *** Reverting to java.io.tmpdir null for storage. Please set GEOWEBCACHE_CACHE_DIR. ***
2018-04-22 06:19:39,049 INFO [storage.DefaultStorageFinder] - ***************************************************************************************
2018-04-22 06:19:39,117 INFO [gwc.config] - Initializing GeoServer specific GWC configuration from gwc-gs.xml
2018-04-22 06:19:39,734 INFO [config.GeoserverXMLResourceProvider] - Will look for 'geowebcache-diskquota.xml' in directory '/opt/tomcat/webapps/geoserver/data/gwc'.
2018-04-22 06:19:39,750 INFO [config.GeoserverXMLResourceProvider] - Will look for 'geowebcache-diskquota-jdbc.xml' in directory '/opt/tomcat/webapps/geoserver/data/gwc'.
2018-04-22 06:19:39,769 INFO [diskquota.ConfigLoader] - DiskQuota configuration is not readable: gwc/geowebcache-diskquota.xml
2018-04-22 06:19:39,789 INFO [diskquota.ConfigLoader] - DiskQuota configuration is not readable: gwc/geowebcache-diskquota.xml
2018-04-22 06:19:39,790 INFO [diskquota.DiskQuotaMonitor] - Setting up disk quota periodic enforcement task
2018-04-22 06:19:39,790 INFO [diskquota.DiskQuotaMonitor] - 0 layers configured with their own quotas. 
2018-04-22 06:19:39,797 INFO [diskquota.DiskQuotaMonitor] - 22 layers attached to global quota 500.0 MB
2018-04-22 06:19:39,822 INFO [diskquota.DiskQuotaMonitor] - Disk quota periodic enforcement task set up every 10 SECONDS
2018-04-22 06:19:40,119 INFO [ows.OWSHandlerMapping] - Mapped URL path [/gwc/service/**] onto handler 'dispatcher'
2018-04-22 06:19:40,154 INFO [geowebcache.GeoWebCacheDispatcher] - Invoked setServletPrefix(gwc)
2018-04-22 06:19:40,245 INFO [georss.GeoRSSPoller] - Initializing GeoRSS poller in a background job...
2018-04-22 06:19:40,247 INFO [georss.GeoRSSPoller] - No enabled GeoRSS feeds found, poller will not run.
2018-04-22 06:19:40,430 INFO [wms.WMSService] - Will NOT recombine tiles for non-tiling clients.
2018-04-22 06:19:40,431 INFO [wms.WMSService] - Will proxy requests to backend that are not getmap or getcapabilities.
2018-04-22 06:19:40,691 INFO [geoserver.platform] - Falling back to embedded data directory: /opt/tomcat/webapps/geoserver/data
2018-04-22 06:19:40,780 INFO [ows.OWSHandlerMapping] - Mapped URL path [/ows/**] onto handler 'dispatcher'
2018-04-22 06:19:40,780 INFO [ows.OWSHandlerMapping] - Mapped URL path [/ows] onto handler 'dispatcher'
2018-04-22 06:19:42,308 INFO [ows.OWSHandlerMapping] - Mapped URL path [/kml] onto handler 'dispatcher'
2018-04-22 06:19:42,308 INFO [ows.OWSHandlerMapping] - Mapped URL path [/kml/*] onto handler 'dispatcher'
2018-04-22 06:19:42,308 INFO [ows.OWSHandlerMapping] - Mapped URL path [/kml/icon/**/*] onto handler 'kmlIconService'
2018-04-22 06:19:42,681 INFO [ows.OWSHandlerMapping] - Mapped URL path [/TestWfsPost] onto handler 'wfsTestServlet'
2018-04-22 06:19:42,681 INFO [ows.OWSHandlerMapping] - Mapped URL path [/wfs/*] onto handler 'dispatcher'
2018-04-22 06:19:42,681 INFO [ows.OWSHandlerMapping] - Mapped URL path [/wfs] onto handler 'dispatcher'
2018-04-22 06:19:45,589 INFO [ows.OWSHandlerMapping] - Mapped URL path [/wms] onto handler 'dispatcher'
2018-04-22 06:19:45,589 INFO [ows.OWSHandlerMapping] - Mapped URL path [/wms/*] onto handler 'dispatcher'
2018-04-22 06:19:45,713 INFO [ows.OWSHandlerMapping] - Mapped URL path [/animate/*] onto handler 'dispatcher'
2018-04-22 06:19:45,718 INFO [ows.OWSHandlerMapping] - Mapped URL path [/animate] onto handler 'dispatcher'
2018-04-22 06:19:45,807 INFO [ows.OWSHandlerMapping] - Mapped URL path [/wcs] onto handler 'dispatcher'
2018-04-22 06:19:45,808 INFO [ows.OWSHandlerMapping] - Mapped URL path [/wcs/*] onto handler 'dispatcher'
2018-04-22 06:19:47,200 INFO [geoserver.security] - AuthenticationCache Initialized with 1000 Max Entries, 300 seconds idle time, 600 seconds time to live and 3 concurrency level
2018-04-22 06:19:47,200 INFO [geoserver.security] - AuthenticationCache Eviction Task created to run every 600 seconds
2018-04-22 06:19:47,670 INFO [geoserver.security] - Start reloading user/groups for service named default
2018-04-22 06:19:47,673 INFO [geoserver.security] - Reloading user/groups successful for service named default
2018-04-22 06:20:11,763 WARN [geoserver.web] - Unable to find property: 'format.wms.application/vnd.google-earth.kml' for component:  [class=org.geoserver.web.demo.MapPreviewPage]. Locale: null, style: null
2018-04-22 06:20:11,764 WARN [geoserver.web] - Unable to find property: 'format.wms.rss' for component:  [class=org.geoserver.web.demo.MapPreviewPage]. Locale: null, style: null
2018-04-22 06:20:35,979 INFO [geoserver.wcs] - 
Request: getServiceInfo
2018-04-22 06:20:36,521 INFO [geoserver.wcs] - 
Request: getCoverage
    sourceCoverage = nurc:Arc_Sample
    domainSubset:
        spatialSubset:
            envelope[0] = GeneralEnvelope[(-180.0, -90.0), (180.0, 90.0)]
            gridGroup[0] = wcs:grid=net.opengis.gml.impl.RectifiedGridTypeImpl@337e821e (srsName: null) (limits: GridEnvelope2D[0..719, 0..359], axisName: [x, y], dimension: 2)
            grid[0]:
                limits = GridEnvelope2D[0..719, 0..359]
                axisName[0] = xaxisName[0] = y
                dimension = 2
    interpolationMethod = nearest neighbor
    output:
        crs:
            value = EPSG:4326
        format:
            value = GeoTIFF
    service = WCS
    version = 1.0.0
    baseUrl = http://ec2-35-169-137-248.compute-1.amazonaws.com:8080/geoserver/
2018-04-22 06:26:40,423 WARN [servlet.PageNotFound] - No mapping found for HTTP request with URI [/geoserver/admin] in DispatcherServlet with name 'dispatcher'
